build/app/intermediates/manifest_merge_blame_file/debug/manifest-merger-blame-debug-report.txt
1<?xml version="1.0" encoding="utf-8"?>
2<manifest xmlns:android="http://schemas.android.com/apk/res/android"
3    package="com.example.note"
4    android:versionCode="1"
5    android:versionName="1.0.0" >
6
7    <uses-sdk
8        android:minSdkVersion="21"
9        android:targetSdkVersion="28" />
10    <!--
11         Flutter needs it to communicate with the running application
12         to allow setting breakpoints, to provide hot reload, etc.
13    -->
14    <uses-permission android:name="android.permission.INTERNET" />
14-->src\main\AndroidManifest.xml:9:5-66
14-->src\main\AndroidManifest.xml:9:22-64
15    <!--
16     io.flutter.app.FlutterApplication is an android.app.Application that
17         calls FlutterMain.startInitialization(this); in its onCreate method.
18         In most cases you can leave this as-is, but you if you want to provide
19         additional functionality it is fine to subclass or reimplement
20         FlutterApplication and put your custom class here.
21    -->
22    <uses-permission android:name="android.permission.RECORD_AUDIO" />
22-->src\main\AndroidManifest.xml:8:5-70
22-->src\main\AndroidManifest.xml:8:22-68
23    <uses-permission android:name="android.permission.WRITE_EXTERNAL_STORAGE" />
23-->src\main\AndroidManifest.xml:10:5-80
23-->src\main\AndroidManifest.xml:10:22-78
24    <uses-permission android:name="android.permission.READ_EXTERNAL_STORAGE" />
24-->src\main\AndroidManifest.xml:11:5-79
24-->src\main\AndroidManifest.xml:11:22-77
25
26    <application
26-->src\main\AndroidManifest.xml:12:5-33:19
27        android:name="io.flutter.app.FlutterApplication"
27-->src\main\AndroidManifest.xml:13:9-57
28        android:appComponentFactory="androidx.core.app.CoreComponentFactory"
28-->[androidx.core:core:1.3.1] AndroidManifest.xml:24:18-86
29        android:debuggable="true"
30        android:icon="@mipmap/ic_launcher"
30-->src\main\AndroidManifest.xml:15:9-43
31        android:label="note" >
31-->src\main\AndroidManifest.xml:14:9-29
32        <activity
32-->src\main\AndroidManifest.xml:16:9-27:20
33            android:name="com.example.note.MainActivity"
33-->src\main\AndroidManifest.xml:17:13-41
34            android:configChanges="orientation|keyboardHidden|keyboard|screenSize|smallestScreenSize|locale|layoutDirection|fontScale|screenLayout|density|uiMode"
34-->src\main\AndroidManifest.xml:20:13-163
35            android:hardwareAccelerated="true"
35-->src\main\AndroidManifest.xml:21:13-47
36            android:launchMode="singleTop"
36-->src\main\AndroidManifest.xml:18:13-43
37            android:theme="@style/LaunchTheme"
37-->src\main\AndroidManifest.xml:19:13-47
38            android:windowSoftInputMode="adjustResize" >
38-->src\main\AndroidManifest.xml:22:13-55
39            <intent-filter>
39-->src\main\AndroidManifest.xml:23:13-26:29
40                <action android:name="android.intent.action.MAIN" />
40-->src\main\AndroidManifest.xml:24:17-68
40-->src\main\AndroidManifest.xml:24:25-66
41
42                <category android:name="android.intent.category.LAUNCHER" />
42-->src\main\AndroidManifest.xml:25:17-76
42-->src\main\AndroidManifest.xml:25:27-74
43            </intent-filter>
44        </activity>
45        <!--
46             Don't delete the meta-data below.
47             This is used by the Flutter tool to generate GeneratedPluginRegistrant.java
48        -->
49        <meta-data
49-->src\main\AndroidManifest.xml:30:9-32:33
50            android:name="flutterEmbedding"
50-->src\main\AndroidManifest.xml:31:13-44
51            android:value="2" />
51-->src\main\AndroidManifest.xml:32:13-30
52
53        <provider
53-->[:share] AndroidManifest.xml:8:9-16:20
54            android:name="io.flutter.plugins.share.ShareFileProvider"
54-->[:share] AndroidManifest.xml:9:13-70
55            android:authorities="com.example.note.flutter.share_provider"
55-->[:share] AndroidManifest.xml:10:13-74
56            android:exported="false"
56-->[:share] AndroidManifest.xml:11:13-37
57            android:grantUriPermissions="true" >
57-->[:share] AndroidManifest.xml:12:13-47
58            <meta-data
58-->[:share] AndroidManifest.xml:13:13-15:68
59                android:name="android.support.FILE_PROVIDER_PATHS"
59-->[:share] AndroidManifest.xml:14:17-67
60                android:resource="@xml/flutter_share_file_paths" />
60-->[:share] AndroidManifest.xml:15:17-65
61        </provider>
62    </application>
63
64</manifest>